[20-Sep-2025 16:18:39 Europe/Berlin] Tentando conectar ao MySQL com: host=localhost, user=root, dbname=rr_imoveis
[20-Sep-2025 16:18:39 Europe/Berlin] Conexão PDO estabelecida com sucesso
[20-Sep-2025 16:18:39 Europe/Berlin] PHP Warning:  Undefined variable $ADMIN_EMAIL in C:\XAMPP\htdocs\backup.php on line 62
[20-Sep-2025 16:18:39 Europe/Berlin] Iniciando backup completo do banco de dados: rr_imoveis
[20-Sep-2025 16:18:39 Europe/Berlin] Processando tabela: banners
[20-Sep-2025 16:18:39 Europe/Berlin] Tabela banners processada com sucesso
[20-Sep-2025 16:18:39 Europe/Berlin] Processando tabela: company_settings
[20-Sep-2025 16:18:39 Europe/Berlin] Tabela company_settings processada com sucesso
[20-Sep-2025 16:18:39 Europe/Berlin] Processando tabela: leads
[20-Sep-2025 16:18:39 Europe/Berlin] Tabela leads processada com sucesso
[20-Sep-2025 16:18:39 Europe/Berlin] Processando tabela: login_attempts_log
[20-Sep-2025 16:18:39 Europe/Berlin] Tabela login_attempts_log processada com sucesso
[20-Sep-2025 16:18:39 Europe/Berlin] Processando tabela: messages
[20-Sep-2025 16:18:39 Europe/Berlin] Tabela messages processada com sucesso
[20-Sep-2025 16:18:39 Europe/Berlin] Processando tabela: notifications
[20-Sep-2025 16:18:39 Europe/Berlin] Tabela notifications processada com sucesso
[20-Sep-2025 16:18:39 Europe/Berlin] Processando tabela: password_history
[20-Sep-2025 16:18:39 Europe/Berlin] Tabela password_history processada com sucesso
[20-Sep-2025 16:18:39 Europe/Berlin] Processando tabela: properties
[20-Sep-2025 16:18:39 Europe/Berlin] Tabela properties processada com sucesso
[20-Sep-2025 16:18:39 Europe/Berlin] Processando tabela: property_images
[20-Sep-2025 16:18:39 Europe/Berlin] Tabela property_images processada com sucesso
[20-Sep-2025 16:18:39 Europe/Berlin] Processando tabela: users
[20-Sep-2025 16:18:39 Europe/Berlin] Tabela users processada com sucesso
[20-Sep-2025 16:18:39 Europe/Berlin] Backup completo do banco de dados concluído
