2025-09-23 12:57:06 Dados recebidos:
Array
(
    [company_name] => RR Imóveis
    [company_email] => contato@rrimoveis.com.br
    [company_email2] => vendas@rrimoveis.com.br
    [company_phone] => (11) 3456-7890
    [company_whatsapp] => (11) 98765-4321
    [company_address] => Av. Paulista, 1000 - Bela Vista, São Paulo - SP
    [company_weekday_hours] => 9h às 17h
    [company_saturday_hours] => 9 às 14h
    [company_description] => Há mais de 15 anos no mercado imobiliário, a RR Imóveis se destaca pela excelência e compromisso com seus clientes. Especializada em imóveis de alto padrão e investimentos seguros.wedwert
    [company_facebook] => https://facebook.com/rrimoveis
    [company_instagram] => https://instagram.com/rrimoveis
    [company_linkedin] => https://linkedin.com/company/rrimoveis
    [company_youtube] => https://youtube.com/rrimoveis
    [company_logo] => assets/imagens/logo/logo.png
    [company_color1] => #0a0a0b
    [company_color2] => #10b981
    [company_color3] => #f59e0b
    [company_font] => Roboto
    [email_notifications] => ozonvitanatural@gmail.com
    [email_leads] => ozonvitanatural@gmail.com
    [notify_new_lead] => 1
    [notify_new_property] => 1
    [notify_property_status] => 1
    [notify_contact_form] => 1
)


2025-09-23 12:58:25 Dados recebidos:
Array
(
    [company_name] => RR Imóveis
    [company_email] => contato@rrimoveis.com.br
    [company_email2] => vendas@rrimoveis.com.br
    [company_phone] => (11) 3456-7890
    [company_whatsapp] => (11) 98765-4321
    [company_address] => Av. Paulista, 1000 - Bela Vista, São Paulo - SP
    [company_weekday_hours] => 9h às 17h
    [company_saturday_hours] => 9 às 14h
    [company_description] => Há mais de 15 anos no mercado imobiliário, a RR Imóveis se destaca pela excelência e compromisso com seus clientes. Especializada em imóveis de alto padrão e investimentos seguros.wedwert
    [company_facebook] => https://facebook.com/rrimoveis
    [company_instagram] => https://instagram.com/rrimoveis
    [company_linkedin] => https://linkedin.com/company/rrimoveis
    [company_youtube] => https://youtube.com/rrimoveis
    [company_logo] => assets/imagens/logo/logo.png
    [company_color1] => #0101f9
    [company_color2] => #10b981
    [company_color3] => #f59e0b
    [company_font] => Roboto
    [email_notifications] => ozonvitanatural@gmail.com
    [email_leads] => ozonvitanatural@gmail.com
    [notify_new_lead] => 1
    [notify_new_property] => 1
    [notify_property_status] => 1
    [notify_contact_form] => 1
)


2025-09-23 12:59:39 Dados recebidos:
Array
(
    [company_name] => RR Imóveis
    [company_email] => contato@rrimoveis.com.br
    [company_email2] => vendas@rrimoveis.com.br
    [company_phone] => (11) 3456-7890
    [company_whatsapp] => (11) 98765-4321
    [company_address] => Av. Paulista, 1000 - Bela Vista, São Paulo - SP
    [company_weekday_hours] => 9h às 17h
    [company_saturday_hours] => 9 às 14h
    [company_description] => Há mais de 15 anos no mercado imobiliário, a RR Imóveis se destaca pela excelência e compromisso com seus clientes. Especializada em imóveis de alto padrão e investimentos seguros.wedwert
    [company_facebook] => https://facebook.com/rrimoveis
    [company_instagram] => https://instagram.com/rrimoveis
    [company_linkedin] => https://linkedin.com/company/rrimoveis
    [company_youtube] => https://youtube.com/rrimoveis
    [company_logo] => assets/imagens/logo/logo.png
    [company_color1] => #2563eb
    [company_color2] => #10b981
    [company_color3] => #f59e0b
    [company_font] => Roboto
    [email_notifications] => ozonvitanatural@gmail.com
    [email_leads] => ozonvitanatural@gmail.com
    [notify_new_lead] => 1
    [notify_new_property] => 1
    [notify_property_status] => 1
    [notify_contact_form] => 1
)


2025-09-23 14:09:34 Dados recebidos:
Array
(
    [company_name] => RR Imóveis
    [company_email] => contato@rrimoveis.com.br
    [company_email2] => vendas@rrimoveis.com.br
    [company_phone] => (11) 3456-7890
    [company_whatsapp] => (11) 98765-4321
    [company_address] => Av. Paulista, 1000 - Bela Vista, São Paulo - SP
    [company_weekday_hours] => 9h às 17h
    [company_saturday_hours] => 9 às 14h
    [company_description] => Há mais de 15 anos no mercado imobiliário, a RR Imóveis se destaca pela excelência e compromisso com seus clientes. Especializada em imóveis de alto padrão e investimentos seguros.wedwert
    [company_facebook] => https://facebook.com/rrimoveis
    [company_instagram] => https://instagram.com/rrimoveis
    [company_linkedin] => https://linkedin.com/company/rrimoveis
    [company_youtube] => https://youtube.com/rrimoveis
    [company_logo] => assets/imagens/logo/logo.png
    [company_color1] => #2563eb
    [company_color2] => #10b981
    [company_color3] => #f59e0b
    [company_font] => Poppins
    [email_notifications] => ozonvitanatural@gmail.com
    [email_leads] => ozonvitanatural@gmail.com
    [notify_new_lead] => 1
    [notify_new_property] => 1
    [notify_property_status] => 1
    [notify_contact_form] => 1
)


2025-09-23 14:10:32 Dados recebidos:
Array
(
    [company_name] => RR Imóveis
    [company_email] => contato@rrimoveis.com.br
    [company_email2] => vendas@rrimoveis.com.br
    [company_phone] => (11) 3456-7890
    [company_whatsapp] => (11) 98765-4321
    [company_address] => Av. Paulista, 1000 - Bela Vista, São Paulo - SP
    [company_weekday_hours] => 9h às 17h
    [company_saturday_hours] => 9 às 14h
    [company_description] => Há mais de 15 anos no mercado imobiliário, a RR Imóveis se destaca pela excelência e compromisso com seus clientes. Especializada em imóveis de alto padrão e investimentos seguros.wedwert
    [company_facebook] => https://facebook.com/rrimoveis
    [company_instagram] => https://instagram.com/rrimoveis
    [company_linkedin] => https://linkedin.com/company/rrimoveis
    [company_youtube] => https://youtube.com/rrimoveis
    [company_logo] => assets/imagens/logo/logo.png
    [company_color1] => #2563eb
    [company_color2] => #10b981
    [company_color3] => #f59e0b
    [company_font] => Open Sans
    [email_notifications] => ozonvitanatural@gmail.com
    [email_leads] => ozonvitanatural@gmail.com
    [notify_new_lead] => 1
    [notify_new_property] => 1
    [notify_property_status] => 1
    [notify_contact_form] => 1
)


2025-09-23 15:18:52 Dados recebidos:
Array
(
    [company_name] => RR Imóveis
    [company_email] => contato@rrimoveis.com.br
    [company_email2] => vendas@rrimoveis.com.br
    [company_phone] => (11) 3456-7890
    [company_whatsapp] => (11) 98765-4321
    [company_address] => Av. Paulista, 1000 - Bela Vista, São Paulo - SP
    [company_weekday_hours] => 9h às 17h
    [company_saturday_hours] => 9 às 14h
    [company_description] => Há mais de 15 anos no mercado imobiliário, a RR Imóveis se destaca pela excelência e compromisso com seus clientes. Especializada em imóveis de alto padrão e investimentos seguros.wedwert
    [company_facebook] => https://facebook.com/rrimoveis
    [company_instagram] => https://instagram.com/rrimoveis
    [company_linkedin] => https://linkedin.com/company/rrimoveis
    [company_youtube] => https://youtube.com/rrimoveis
    [company_logo] => assets/imagens/logo/logo.png
    [company_color1] => #2563eb
    [company_color2] => #10b981
    [company_color3] => #f59e0b
    [company_font] => Poppins
    [email_notifications] => ozonvitanatural@gmail.com
    [email_leads] => ozonvitanatural@gmail.com
    [notify_new_lead] => 1
    [notify_new_property] => 1
    [notify_property_status] => 1
    [notify_contact_form] => 1
)


2025-09-23 15:19:35 Dados recebidos:
Array
(
    [company_name] => RR Imóveis
    [company_email] => contato@rrimoveis.com.br
    [company_email2] => vendas@rrimoveis.com.br
    [company_phone] => (11) 3456-7890
    [company_whatsapp] => (11) 98765-4321
    [company_address] => Av. Paulista, 1000 - Bela Vista, São Paulo - SP
    [company_weekday_hours] => 9h às 17h
    [company_saturday_hours] => 9 às 14h
    [company_description] => Há mais de 15 anos no mercado imobiliário, a RR Imóveis se destaca pela excelência e compromisso com seus clientes. Especializada em imóveis de alto padrão e investimentos seguros.wedwert
    [company_facebook] => https://facebook.com/rrimoveis
    [company_instagram] => https://instagram.com/rrimoveis
    [company_linkedin] => https://linkedin.com/company/rrimoveis
    [company_youtube] => https://youtube.com/rrimoveis
    [company_logo] => assets/imagens/logo/logo.png
    [company_color1] => #2563eb
    [company_color2] => #10b981
    [company_color3] => #f59e0b
    [company_font] => Montserrat
    [email_notifications] => ozonvitanatural@gmail.com
    [email_leads] => ozonvitanatural@gmail.com
    [notify_new_lead] => 1
    [notify_new_property] => 1
    [notify_property_status] => 1
    [notify_contact_form] => 1
)


2025-09-23 15:37:08 Dados recebidos:
Array
(
    [company_name] => RR Imóveis
    [company_email] => contato@rrimoveis.com.br
    [company_email2] => vendas@rrimoveis.com.br
    [company_phone] => (11) 3456-7890
    [company_whatsapp] => (11) 98765-4321
    [company_address] => Av. Paulista, 1000 - Bela Vista, São Paulo - SP
    [company_weekday_hours] => 9h às 17h
    [company_saturday_hours] => 9 às 14h
    [company_description] => Há mais de 15 anos no mercado imobiliário, a RR Imóveis se destaca pela excelência e compromisso com seus clientes. Especializada em imóveis de alto padrão e investimentos seguros.wedwert
    [company_facebook] => https://facebook.com/rrimoveis
    [company_instagram] => https://instagram.com/rrimoveis
    [company_linkedin] => https://linkedin.com/company/rrimoveis
    [company_youtube] => https://youtube.com/rrimoveis
    [company_logo] => assets/imagens/logo/logo.png
    [company_color1] => #2563eb
    [company_color2] => #10b981
    [company_color3] => #f59e0b
    [company_font] => Poppins
    [email_notifications] => ozonvitanatural@gmail.com
    [email_leads] => ozonvitanatural@gmail.com
    [notify_new_lead] => 1
    [notify_new_property] => 1
    [notify_property_status] => 1
    [notify_contact_form] => 1
)


2025-09-23 17:08:09 Dados recebidos:
Array
(
    [company_name] => RR Imóveis
    [company_email] => contato@rrimoveis.com.br
    [company_email2] => vendas@rrimoveis.com.br
    [company_phone] => (11) 3456-7890
    [company_whatsapp] => (11) 98765-4321
    [company_address] => Av. Paulista, 1000 - Bela Vista, São Paulo - SP
    [company_weekday_hours] => 9h às 17h
    [company_saturday_hours] => 9 às 14h
    [company_description] => Há mais de 15 anos no mercado imobiliário, a RR Imóveis se destaca pela excelência e compromisso com seus clientes. Especializada em imóveis de alto padrão e investimentos seguros.wedwert
    [company_facebook] => https://facebook.com/rrimoveis
    [company_instagram] => https://instagram.com/rrimoveis
    [company_linkedin] => https://linkedin.com/company/rrimoveis
    [company_youtube] => https://youtube.com/rrimoveis
    [company_logo] => assets/imagens/logo/logo.png
    [company_color1] => #2563eb
    [company_color2] => #10b981
    [company_color3] => #f59e0b
    [company_font] => Poppins
    [email_notifications] => ozonvitanatural@gmail.com
    [email_leads] => ozonvitanatural@gmail.com
    [notify_new_lead] => 1
    [notify_new_property] => 0
    [notify_property_status] => 0
    [notify_contact_form] => 0
)


2025-09-23 17:08:32 Dados recebidos:
Array
(
    [company_name] => RR Imóveis
    [company_email] => contato@rrimoveis.com.br
    [company_email2] => vendas@rrimoveis.com.br
    [company_phone] => (11) 3456-7890
    [company_whatsapp] => (11) 98765-4321
    [company_address] => Av. Paulista, 1000 - Bela Vista, São Paulo - SP
    [company_weekday_hours] => 9h às 17h
    [company_saturday_hours] => 9 às 14h
    [company_description] => Há mais de 15 anos no mercado imobiliário, a RR Imóveis se destaca pela excelência e compromisso com seus clientes. Especializada em imóveis de alto padrão e investimentos seguros.wedwert
    [company_facebook] => https://facebook.com/rrimoveis
    [company_instagram] => https://instagram.com/rrimoveis
    [company_linkedin] => https://linkedin.com/company/rrimoveis
    [company_youtube] => https://youtube.com/rrimoveis
    [company_logo] => assets/imagens/logo/logo.png
    [company_color1] => #2563eb
    [company_color2] => #10b981
    [company_color3] => #f59e0b
    [company_font] => Poppins
    [email_notifications] => ozonvitanatural@gmail.com
    [email_leads] => ozonvitanatural@gmail.com
    [notify_new_lead] => 1
    [notify_new_property] => 0
    [notify_property_status] => 1
    [notify_contact_form] => 0
)


2025-09-23 17:08:54 Dados recebidos:
Array
(
    [company_name] => RR Imóveis
    [company_email] => contato@rrimoveis.com.br
    [company_email2] => vendas@rrimoveis.com.br
    [company_phone] => (11) 3456-7890
    [company_whatsapp] => (11) 98765-4321
    [company_address] => Av. Paulista, 1000 - Bela Vista, São Paulo - SP
    [company_weekday_hours] => 9h às 17h
    [company_saturday_hours] => 9 às 14h
    [company_description] => Há mais de 15 anos no mercado imobiliário, a RR Imóveis se destaca pela excelência e compromisso com seus clientes. Especializada em imóveis de alto padrão e investimentos seguros.wedwert
    [company_facebook] => https://facebook.com/rrimoveis
    [company_instagram] => https://instagram.com/rrimoveis
    [company_linkedin] => https://linkedin.com/company/rrimoveis
    [company_youtube] => https://youtube.com/rrimoveis
    [company_logo] => assets/imagens/logo/logo.png
    [company_color1] => #2563eb
    [company_color2] => #10b981
    [company_color3] => #f59e0b
    [company_font] => Poppins
    [email_notifications] => ozonvitanatural@gmail.com
    [email_leads] => ozonvitanatural@gmail.com
    [notify_new_lead] => 1
    [notify_new_property] => 0
    [notify_property_status] => 0
    [notify_contact_form] => 0
)


2025-09-24 14:12:40 Dados recebidos:
Array
(
    [company_name] => RR Imóveis
    [company_email] => contato@rrimoveis.com.br
    [company_email2] => vendas@rrimoveis.com.br
    [company_phone] => (11) 3456-7890
    [company_whatsapp] => (11) 98765-4321
    [company_address] => Av. Paulista, 1000 - Bela Vista, São Paulo - SP
    [company_weekday_hours] => 9h às 17h
    [company_saturday_hours] => 9 às 14h
    [company_description] => Há mais de 15 anos no mercado imobiliário, a RR Imóveis se destaca pela excelência e compromisso com seus clientes. Especializada em imóveis de alto padrão e investimentos seguros.wedwert
    [company_facebook] => https://facebook.com/rrimoveis
    [company_instagram] => https://instagram.com/rrimoveis
    [company_linkedin] => https://linkedin.com/company/rrimoveis
    [company_youtube] => https://youtube.com/rrimoveis
    [company_logo] => assets/imagens/logo/logo.png
    [company_color1] => #2563eb
    [company_color2] => #10b981
    [company_color3] => #f59e0b
    [company_font] => Lato
    [email_notifications] => ozonvitanatural@gmail.com
    [email_leads] => ozonvitanatural@gmail.com
    [notify_new_lead] => 1
    [notify_new_property] => 0
    [notify_property_status] => 0
    [notify_contact_form] => 0
)


