[20-Sep-2025 16:18:39 Europe/Berlin] Tentando conectar ao MySQL com: host=localhost, user=root, dbname=rr_imoveis
[20-Sep-2025 16:18:39 Europe/Berlin] Conexão PDO estabelecida com sucesso
[20-Sep-2025 16:18:39 Europe/Berlin] PHP Warning:  Undefined variable $ADMIN_EMAIL in C:\XAMPP\htdocs\backup.php on line 62
[20-Sep-2025 16:18:39 Europe/Berlin] Iniciando backup completo do banco de dados: rr_imoveis
[20-Sep-2025 16:18:39 Europe/Berlin] Processando tabela: banners
[20-Sep-2025 16:18:39 Europe/Berlin] Tabela banners processada com sucesso
[20-Sep-2025 16:18:39 Europe/Berlin] Processando tabela: company_settings
[20-Sep-2025 16:18:39 Europe/Berlin] Tabela company_settings processada com sucesso
[20-Sep-2025 16:18:39 Europe/Berlin] Processando tabela: leads
[20-Sep-2025 16:18:39 Europe/Berlin] Tabela leads processada com sucesso
[20-Sep-2025 16:18:39 Europe/Berlin] Processando tabela: login_attempts_log
[20-Sep-2025 16:18:39 Europe/Berlin] Tabela login_attempts_log processada com sucesso
[20-Sep-2025 16:18:39 Europe/Berlin] Processando tabela: messages
[20-Sep-2025 16:18:39 Europe/Berlin] Tabela messages processada com sucesso
[20-Sep-2025 16:18:39 Europe/Berlin] Processando tabela: notifications
[20-Sep-2025 16:18:39 Europe/Berlin] Tabela notifications processada com sucesso
[20-Sep-2025 16:18:39 Europe/Berlin] Processando tabela: password_history
[20-Sep-2025 16:18:39 Europe/Berlin] Tabela password_history processada com sucesso
[20-Sep-2025 16:18:39 Europe/Berlin] Processando tabela: properties
[20-Sep-2025 16:18:39 Europe/Berlin] Tabela properties processada com sucesso
[20-Sep-2025 16:18:39 Europe/Berlin] Processando tabela: property_images
[20-Sep-2025 16:18:39 Europe/Berlin] Tabela property_images processada com sucesso
[20-Sep-2025 16:18:39 Europe/Berlin] Processando tabela: users
[20-Sep-2025 16:18:39 Europe/Berlin] Tabela users processada com sucesso
[20-Sep-2025 16:18:39 Europe/Berlin] Backup completo do banco de dados concluído
[23-Sep-2025 16:14:40 Europe/Berlin] Conexão PDO global estabelecida com sucesso
[23-Sep-2025 16:14:40 Europe/Berlin] PHP Warning:  Undefined variable $ADMIN_EMAIL in C:\XAMPP\htdocs\backup.php on line 62
[23-Sep-2025 16:14:40 Europe/Berlin] Iniciando backup completo do banco de dados: rr_imoveis
[23-Sep-2025 16:14:40 Europe/Berlin] Processando tabela: banners
[23-Sep-2025 16:14:40 Europe/Berlin] Tabela banners processada com sucesso
[23-Sep-2025 16:14:40 Europe/Berlin] Processando tabela: company_settings
[23-Sep-2025 16:14:40 Europe/Berlin] Tabela company_settings processada com sucesso
[23-Sep-2025 16:14:40 Europe/Berlin] Processando tabela: leads
[23-Sep-2025 16:14:40 Europe/Berlin] Tabela leads processada com sucesso
[23-Sep-2025 16:14:40 Europe/Berlin] Processando tabela: login_attempts_log
[23-Sep-2025 16:14:40 Europe/Berlin] Tabela login_attempts_log processada com sucesso
[23-Sep-2025 16:14:40 Europe/Berlin] Processando tabela: messages
[23-Sep-2025 16:14:40 Europe/Berlin] Tabela messages processada com sucesso
[23-Sep-2025 16:14:40 Europe/Berlin] Processando tabela: notifications
[23-Sep-2025 16:14:40 Europe/Berlin] Tabela notifications processada com sucesso
[23-Sep-2025 16:14:40 Europe/Berlin] Processando tabela: password_history
[23-Sep-2025 16:14:40 Europe/Berlin] Tabela password_history processada com sucesso
[23-Sep-2025 16:14:40 Europe/Berlin] Processando tabela: properties
[23-Sep-2025 16:14:40 Europe/Berlin] Tabela properties processada com sucesso
[23-Sep-2025 16:14:40 Europe/Berlin] Processando tabela: property_images
[23-Sep-2025 16:14:40 Europe/Berlin] Tabela property_images processada com sucesso
[23-Sep-2025 16:14:40 Europe/Berlin] Processando tabela: users
[23-Sep-2025 16:14:40 Europe/Berlin] Tabela users processada com sucesso
[23-Sep-2025 16:14:40 Europe/Berlin] Backup completo do banco de dados concluído
[23-Sep-2025 17:21:46 Europe/Berlin] Conexão PDO global estabelecida com sucesso
[23-Sep-2025 17:21:46 Europe/Berlin] PHP Warning:  Undefined variable $ADMIN_EMAIL in C:\XAMPP\htdocs\backup.php on line 62
[23-Sep-2025 17:21:46 Europe/Berlin] Iniciando backup completo do banco de dados: rr_imoveis
[23-Sep-2025 17:21:46 Europe/Berlin] Processando tabela: banners
[23-Sep-2025 17:21:46 Europe/Berlin] Tabela banners processada com sucesso
[23-Sep-2025 17:21:46 Europe/Berlin] Processando tabela: company_settings
[23-Sep-2025 17:21:46 Europe/Berlin] Tabela company_settings processada com sucesso
[23-Sep-2025 17:21:46 Europe/Berlin] Processando tabela: leads
[23-Sep-2025 17:21:46 Europe/Berlin] Tabela leads processada com sucesso
[23-Sep-2025 17:21:46 Europe/Berlin] Processando tabela: login_attempts_log
[23-Sep-2025 17:21:46 Europe/Berlin] Tabela login_attempts_log processada com sucesso
[23-Sep-2025 17:21:46 Europe/Berlin] Processando tabela: messages
[23-Sep-2025 17:21:46 Europe/Berlin] Tabela messages processada com sucesso
[23-Sep-2025 17:21:46 Europe/Berlin] Processando tabela: notifications
[23-Sep-2025 17:21:46 Europe/Berlin] Tabela notifications processada com sucesso
[23-Sep-2025 17:21:46 Europe/Berlin] Processando tabela: password_history
[23-Sep-2025 17:21:46 Europe/Berlin] Tabela password_history processada com sucesso
[23-Sep-2025 17:21:46 Europe/Berlin] Processando tabela: properties
[23-Sep-2025 17:21:47 Europe/Berlin] Tabela properties processada com sucesso
[23-Sep-2025 17:21:47 Europe/Berlin] Processando tabela: property_images
[23-Sep-2025 17:21:47 Europe/Berlin] Tabela property_images processada com sucesso
[23-Sep-2025 17:21:47 Europe/Berlin] Processando tabela: users
[23-Sep-2025 17:21:47 Europe/Berlin] Tabela users processada com sucesso
[23-Sep-2025 17:21:47 Europe/Berlin] Backup completo do banco de dados concluído
[23-Sep-2025 12:46:27 America/Sao_Paulo] Conexão PDO global estabelecida com sucesso
[23-Sep-2025 12:46:27 America/Sao_Paulo] Iniciando backup completo do banco de dados: rr_imoveis
[23-Sep-2025 12:46:27 America/Sao_Paulo] Processando tabela: banners
[23-Sep-2025 12:46:27 America/Sao_Paulo] Tabela banners processada com sucesso
[23-Sep-2025 12:46:27 America/Sao_Paulo] Processando tabela: company_settings
[23-Sep-2025 12:46:27 America/Sao_Paulo] Tabela company_settings processada com sucesso
[23-Sep-2025 12:46:27 America/Sao_Paulo] Processando tabela: leads
[23-Sep-2025 12:46:27 America/Sao_Paulo] Tabela leads processada com sucesso
[23-Sep-2025 12:46:27 America/Sao_Paulo] Processando tabela: login_attempts_log
[23-Sep-2025 12:46:27 America/Sao_Paulo] Tabela login_attempts_log processada com sucesso
[23-Sep-2025 12:46:27 America/Sao_Paulo] Processando tabela: messages
[23-Sep-2025 12:46:27 America/Sao_Paulo] Tabela messages processada com sucesso
[23-Sep-2025 12:46:27 America/Sao_Paulo] Processando tabela: notifications
[23-Sep-2025 12:46:27 America/Sao_Paulo] Tabela notifications processada com sucesso
[23-Sep-2025 12:46:27 America/Sao_Paulo] Processando tabela: password_history
[23-Sep-2025 12:46:27 America/Sao_Paulo] Tabela password_history processada com sucesso
[23-Sep-2025 12:46:27 America/Sao_Paulo] Processando tabela: properties
[23-Sep-2025 12:46:27 America/Sao_Paulo] Tabela properties processada com sucesso
[23-Sep-2025 12:46:27 America/Sao_Paulo] Processando tabela: property_images
[23-Sep-2025 12:46:27 America/Sao_Paulo] Tabela property_images processada com sucesso
[23-Sep-2025 12:46:27 America/Sao_Paulo] Processando tabela: users
[23-Sep-2025 12:46:27 America/Sao_Paulo] Tabela users processada com sucesso
[23-Sep-2025 12:46:27 America/Sao_Paulo] Backup completo do banco de dados concluído
[23-Sep-2025 17:05:29 America/Sao_Paulo] Conexão PDO global estabelecida com sucesso
[23-Sep-2025 17:05:29 America/Sao_Paulo] Iniciando backup completo do banco de dados: rr_imoveis
[23-Sep-2025 17:05:29 America/Sao_Paulo] Processando tabela: banners
[23-Sep-2025 17:05:29 America/Sao_Paulo] Tabela banners processada com sucesso
[23-Sep-2025 17:05:29 America/Sao_Paulo] Processando tabela: company_settings
[23-Sep-2025 17:05:29 America/Sao_Paulo] Tabela company_settings processada com sucesso
[23-Sep-2025 17:05:29 America/Sao_Paulo] Processando tabela: leads
[23-Sep-2025 17:05:29 America/Sao_Paulo] Tabela leads processada com sucesso
[23-Sep-2025 17:05:29 America/Sao_Paulo] Processando tabela: login_attempts_log
[23-Sep-2025 17:05:29 America/Sao_Paulo] Tabela login_attempts_log processada com sucesso
[23-Sep-2025 17:05:29 America/Sao_Paulo] Processando tabela: messages
[23-Sep-2025 17:05:29 America/Sao_Paulo] Tabela messages processada com sucesso
[23-Sep-2025 17:05:29 America/Sao_Paulo] Processando tabela: notifications
[23-Sep-2025 17:05:29 America/Sao_Paulo] Tabela notifications processada com sucesso
[23-Sep-2025 17:05:29 America/Sao_Paulo] Processando tabela: password_history
[23-Sep-2025 17:05:29 America/Sao_Paulo] Tabela password_history processada com sucesso
[23-Sep-2025 17:05:29 America/Sao_Paulo] Processando tabela: properties
[23-Sep-2025 17:05:29 America/Sao_Paulo] Tabela properties processada com sucesso
[23-Sep-2025 17:05:29 America/Sao_Paulo] Processando tabela: property_images
[23-Sep-2025 17:05:29 America/Sao_Paulo] Tabela property_images processada com sucesso
[23-Sep-2025 17:05:29 America/Sao_Paulo] Processando tabela: users
[23-Sep-2025 17:05:29 America/Sao_Paulo] Tabela users processada com sucesso
[23-Sep-2025 17:05:29 America/Sao_Paulo] Backup completo do banco de dados concluído
